<?xml version="1.0" encoding="UTF-8"?>
<testsuites tests="3" failures="2" errors="0" time="0.002962">
	<testsuite tests="3" failures="2" time="0.003000" name="example.com/clamp" timestamp="2026-09-24T22:21:13Z">
		<properties>
			<property name="go.version" value="go1.24.7 linux/amd64"></property>
		</properties>
		<testcase classname="example.com/clamp" name="TestCapsHigh" time="0.000000">
			<failure message="Failed" type="">=== RUN   TestCapsHigh&#xA;    clamp_test.go:13: got 50, want 10&#xA;--- FAIL: TestCapsHigh (0.00s)&#xA;</failure>
		</testcase>
		<testcase classname="example.com/clamp" name="TestBare" time="0.000000">
			<failure message="Failed" type="">=== RUN   TestBare&#xA;--- FAIL: TestBare (0.00s)&#xA;</failure>
		</testcase>
		<testcase classname="example.com/clamp" name="TestInRange" time="0.000000"></testcase>
	</testsuite>
</testsuites>