<?xml version="1.0" encoding="UTF-8"?>
<testsuites name="jest tests" tests="5" failures="3" errors="0" time="0.395">
  <testsuite name="undefined" errors="0" failures="3" skipped="1" timestamp="2026-09-24T22:21:49" time="0.254" tests="5">
    <testcase classname=" in range" name=" in range" time="0.002">
    </testcase>
    <testcase classname=" caps high" name=" caps high" time="0.002">
      <failure>Error: expect(received).toBe(expected) // Object.is equality

Expected: 10
Received: 50
    at Object.toBe (/work/clamp.test.js:3:45)
    at Promise.finally.completed (/work/node_modules/jest-circus/build/jestAdapterInit.js:1834:28)
    at new Promise (&lt;anonymous&gt;)
    at callAsyncCircusFn (/work/node_modules/jest-circus/build/jestAdapterInit.js:1774:10)
    at _callCircusTest (/work/node_modules/jest-circus/build/jestAdapterInit.js:1167:40)
    at processTicksAndRejections (node:internal/process/task_queues:103:5)
    at _runTestInContext (/work/node_modules/jest-circus/build/jestAdapterInit.js:1103:3)
    at runTestWithContext (/work/node_modules/jest-circus/build/jestAdapterInit.js:996:5)
    at _runTestsForDescribeBlockOnce (/work/node_modules/jest-circus/build/jestAdapterInit.js:1008:11)
    at _runTestsForDescribeBlock (/work/node_modules/jest-circus/build/jestAdapterInit.js:824:5)
    at run (/work/node_modules/jest-circus/build/jestAdapterInit.js:789:3)
    at runAndTransformResultsToJestFormat (/work/node_modules/jest-circus/build/jestAdapterInit.js:2300:21)
    at jestAdapter (/work/node_modules/jest-circus/build/runner.js:111:19)
    at runTestInternal (/work/node_modules/jest-runner/build/index.js:247:16)
    at runTest (/work/node_modules/jest-runner/build/index.js:315:7)</failure>
    </testcase>
    <testcase classname=" new api" name=" new api" time="0">
      <failure>Error: not implemented
    at newApi (/work/clamp.js:2:28)
    at Object.newApi (/work/clamp.test.js:4:32)
    at Promise.finally.completed (/work/node_modules/jest-circus/build/jestAdapterInit.js:1834:28)
    at new Promise (&lt;anonymous&gt;)
    at callAsyncCircusFn (/work/node_modules/jest-circus/build/jestAdapterInit.js:1774:10)
    at _callCircusTest (/work/node_modules/jest-circus/build/jestAdapterInit.js:1167:40)
    at processTicksAndRejections (node:internal/process/task_queues:103:5)
    at _runTestInContext (/work/node_modules/jest-circus/build/jestAdapterInit.js:1103:3)
    at runTestWithContext (/work/node_modules/jest-circus/build/jestAdapterInit.js:996:5)
    at _runTestsForDescribeBlockOnce (/work/node_modules/jest-circus/build/jestAdapterInit.js:1008:11)
    at _runTestsForDescribeBlock (/work/node_modules/jest-circus/build/jestAdapterInit.js:824:5)
    at run (/work/node_modules/jest-circus/build/jestAdapterInit.js:789:3)
    at runAndTransformResultsToJestFormat (/work/node_modules/jest-circus/build/jestAdapterInit.js:2300:21)
    at jestAdapter (/work/node_modules/jest-circus/build/runner.js:111:19)
    at runTestInternal (/work/node_modules/jest-runner/build/index.js:247:16)
    at runTest (/work/node_modules/jest-runner/build/index.js:315:7)</failure>
    </testcase>
    <testcase classname=" fake" name=" fake" time="0.001">
      <failure>Error: expect(received).toBe(expected) // Object.is equality

Expected: false
Received: true
    at Object.toBe (/work/clamp.test.js:5:35)
    at Promise.finally.completed (/work/node_modules/jest-circus/build/jestAdapterInit.js:1834:28)
    at new Promise (&lt;anonymous&gt;)
    at callAsyncCircusFn (/work/node_modules/jest-circus/build/jestAdapterInit.js:1774:10)
    at _callCircusTest (/work/node_modules/jest-circus/build/jestAdapterInit.js:1167:40)
    at processTicksAndRejections (node:internal/process/task_queues:103:5)
    at _runTestInContext (/work/node_modules/jest-circus/build/jestAdapterInit.js:1103:3)
    at runTestWithContext (/work/node_modules/jest-circus/build/jestAdapterInit.js:996:5)
    at _runTestsForDescribeBlockOnce (/work/node_modules/jest-circus/build/jestAdapterInit.js:1008:11)
    at _runTestsForDescribeBlock (/work/node_modules/jest-circus/build/jestAdapterInit.js:824:5)
    at run (/work/node_modules/jest-circus/build/jestAdapterInit.js:789:3)
    at runAndTransformResultsToJestFormat (/work/node_modules/jest-circus/build/jestAdapterInit.js:2300:21)
    at jestAdapter (/work/node_modules/jest-circus/build/runner.js:111:19)
    at runTestInternal (/work/node_modules/jest-runner/build/index.js:247:16)
    at runTest (/work/node_modules/jest-runner/build/index.js:315:7)</failure>
    </testcase>
    <testcase classname=" later" name=" later" time="0">
      <skipped/>
    </testcase>
  </testsuite>
</testsuites>